<?xml version="1.0" encoding="UTF-8"?>
<!-- Generated by org.testng.reporters.JUnitReportReporter -->
<testsuite skipped="0" hostname="JIVOXLAPMAC0034.local" name="com.nt.test.D" tests="1" failures="0" timestamp="05 Jun 2020 12:10:11 GMT" time="0.007" errors="0">
  <testcase name="f" time="0.007" classname="com.nt.test.D"/>
</testsuite> <!-- com.nt.test.D -->
