<?xml version="1.0" encoding="UTF-8"?>
<!-- Generated by org.testng.reporters.JUnitReportReporter -->
<testsuite skipped="0" hostname="JIVOXLAPMAC0034.local" name="ExecuteFailedTestCases.Test1" tests="1" failures="0" timestamp="17 May 2020 07:54:07 GMT" time="0.009" errors="0">
  <testcase name="test1" time="0.009" classname="ExecuteFailedTestCases.Test1"/>
</testsuite> <!-- ExecuteFailedTestCases.Test1 -->
