<?xml version="1.0" encoding="UTF-8"?>
<!-- Generated by org.testng.reporters.JUnitReportReporter -->
<testsuite skipped="0" hostname="JIVOXLAPMAC0034.local" name="com.nt.test.TestNG1" tests="12" failures="0" timestamp="05 Jul 2020 07:59:57 GMT" time="0.016" errors="0">
  <testcase name="test2" time="0.001" classname="com.nt.test.TestNG1"/>
  <testcase name="test2" time="0.001" classname="com.nt.test.TestNG1"/>
  <testcase name="test2" time="0.001" classname="com.nt.test.TestNG1"/>
  <testcase name="test2" time="0.005" classname="com.nt.test.TestNG1"/>
  <testcase name="test2" time="0.001" classname="com.nt.test.TestNG1"/>
  <testcase name="test2" time="0.002" classname="com.nt.test.TestNG1"/>
  <testcase name="test2" time="0.000" classname="com.nt.test.TestNG1"/>
  <testcase name="test2" time="0.001" classname="com.nt.test.TestNG1"/>
  <testcase name="test2" time="0.001" classname="com.nt.test.TestNG1"/>
  <testcase name="test2" time="0.001" classname="com.nt.test.TestNG1"/>
  <testcase name="test1" time="0.001" classname="com.nt.test.TestNG1"/>
  <testcase name="test3" time="0.001" classname="com.nt.test.TestNG1"/>
</testsuite> <!-- com.nt.test.TestNG1 -->
