<?xml version="1.0" encoding="UTF-8"?>
<!-- Generated by org.testng.reporters.JUnitReportReporter -->
<testsuite skipped="0" hostname="JIVOXLAPMAC0034.local" name="com.nt.test.FlightBookingTest" tests="1" failures="0" timestamp="15 Apr 2020 16:08:52 GMT" time="9.513" errors="0">
  <testcase name="loginToSite" time="9.513" classname="com.nt.test.FlightBookingTest"/>
</testsuite> <!-- com.nt.test.FlightBookingTest -->
