<?xml version="1.0" encoding="UTF-8"?>
<!-- Generated by org.testng.reporters.JUnitReportReporter -->
<testsuite skipped="0" hostname="JIVOXLAPMAC0034.local" name="com.nt.test.TestNG3" tests="3" failures="0" timestamp="07 Jun 2020 05:15:13 GMT" time="0.003" errors="0">
  <testcase name="test1TestNG3" time="0.001" classname="com.nt.test.TestNG3"/>
  <testcase name="test2TestNG3" time="0.001" classname="com.nt.test.TestNG3"/>
  <testcase name="test3TestNG3" time="0.001" classname="com.nt.test.TestNG3"/>
</testsuite> <!-- com.nt.test.TestNG3 -->
